\BOOKMARK [0][-]{section*.1}{Supervisory Committee}{}% 1
\BOOKMARK [0][-]{section*.2}{Abstract}{}% 2
\BOOKMARK [0][-]{section*.3}{Table of Contents}{}% 3
\BOOKMARK [0][-]{section*.4}{List of Tables}{}% 4
\BOOKMARK [0][-]{section*.5}{List of Figures}{}% 5
\BOOKMARK [0][-]{section*.6}{Acknowledgements}{}% 6
\BOOKMARK [0][-]{section*.7}{Dedication}{}% 7
\BOOKMARK [0][-]{chapter.1}{Introduction}{}% 8
\BOOKMARK [1][-]{section.1.1}{Problem Statement}{chapter.1}% 9
\BOOKMARK [1][-]{section.1.2}{Motivation}{chapter.1}% 10
\BOOKMARK [1][-]{section.1.3}{Research Questions}{chapter.1}% 11
\BOOKMARK [1][-]{section.1.4}{Research Approach}{chapter.1}% 12
\BOOKMARK [1][-]{section.1.5}{Thesis Organization}{chapter.1}% 13
\BOOKMARK [0][-]{chapter.2}{Background}{}% 14
\BOOKMARK [0][-]{chapter.3}{The GitHub Way}{}% 15
\BOOKMARK [1][-]{section.3.1}{What is GitHub?}{chapter.3}% 16
\BOOKMARK [1][-]{section.3.2}{Git: Distributed Version Control}{chapter.3}% 17
\BOOKMARK [1][-]{section.3.3}{Branching and Forking}{chapter.3}% 18
\BOOKMARK [1][-]{section.3.4}{Merging and Pull Requests}{chapter.3}% 19
\BOOKMARK [1][-]{section.3.5}{Issues and Comments}{chapter.3}% 20
\BOOKMARK [1][-]{section.3.6}{Openness \046 Transparency}{chapter.3}% 21
\BOOKMARK [1][-]{section.3.7}{Why GitHub for Education?}{chapter.3}% 22
\BOOKMARK [0][-]{chapter.4}{The Instructor Perspective}{}% 23
\BOOKMARK [1][-]{section.4.1}{Research Questions}{chapter.4}% 24
\BOOKMARK [1][-]{section.4.2}{Research Design}{chapter.4}% 25
\BOOKMARK [2][-]{subsection.4.2.1}{Participants}{section.4.2}% 26
\BOOKMARK [2][-]{subsection.4.2.2}{Data Collection}{section.4.2}% 27
\BOOKMARK [2][-]{subsection.4.2.3}{Data Analysis}{section.4.2}% 28
\BOOKMARK [1][-]{section.4.3}{Findings}{chapter.4}% 29
\BOOKMARK [2][-]{subsection.4.3.1}{RQ1: How does GitHub support learning and teaching?}{section.4.3}% 30
\BOOKMARK [2][-]{subsection.4.3.2}{RQ2: What are the motivations and benefits of using GitHub for education?}{section.4.3}% 31
\BOOKMARK [2][-]{subsection.4.3.3}{RQ3: What challenges are related to the use of GitHub for education?}{section.4.3}% 32
\BOOKMARK [2][-]{subsection.4.3.4}{GitHub's Perspective}{section.4.3}% 33
\BOOKMARK [2][-]{subsection.4.3.5}{Follow-up Survey}{section.4.3}% 34
\BOOKMARK [1][-]{section.4.4}{Validation}{chapter.4}% 35
\BOOKMARK [2][-]{subsection.4.4.1}{RQ1: Uses in Teaching and Learning}{section.4.4}% 36
\BOOKMARK [2][-]{subsection.4.4.2}{RQ2: Motivation and Benefits}{section.4.4}% 37
\BOOKMARK [2][-]{subsection.4.4.3}{RQ3: Challenges and Difficulties}{section.4.4}% 38
\BOOKMARK [1][-]{section.4.5}{Discussion}{chapter.4}% 39
\BOOKMARK [2][-]{subsection.4.5.1}{Comparing GitHub to Traditional LMSs}{section.4.5}% 40
\BOOKMARK [2][-]{subsection.4.5.2}{Going Beyond Traditional LMSs}{section.4.5}% 41
\BOOKMARK [2][-]{subsection.4.5.3}{Implications Beyond GitHub}{section.4.5}% 42
\BOOKMARK [2][-]{subsection.4.5.4}{Recommendations}{section.4.5}% 43
\BOOKMARK [2][-]{subsection.4.5.5}{Limitations}{section.4.5}% 44
\BOOKMARK [0][-]{chapter.5}{The Student Perspective}{}% 45
\BOOKMARK [1][-]{section.5.1}{Research Questions}{chapter.5}% 46
\BOOKMARK [1][-]{section.5.2}{Research Design}{chapter.5}% 47
\BOOKMARK [2][-]{subsection.5.2.1}{Recruitment}{section.5.2}% 48
\BOOKMARK [2][-]{subsection.5.2.2}{Research Methods}{section.5.2}% 49
\BOOKMARK [2][-]{subsection.5.2.3}{Data Analysis}{section.5.2}% 50
\BOOKMARK [1][-]{section.5.3}{How GitHub was Used}{chapter.5}% 51
\BOOKMARK [1][-]{section.5.4}{First Questionnaire}{chapter.5}% 52
\BOOKMARK [1][-]{section.5.5}{Participants}{chapter.5}% 53
\BOOKMARK [1][-]{section.5.6}{Findings}{chapter.5}% 54
\BOOKMARK [2][-]{subsection.5.6.1}{RQ1: What are computer science and software engineering student perceptions on the benefits of using GitHub for their courses?}{section.5.6}% 55
\BOOKMARK [2][-]{subsection.5.6.2}{RQ2: What are the challenges for students related to the use of GitHub in their classes?}{section.5.6}% 56
\BOOKMARK [2][-]{subsection.5.6.3}{RQ3: What are student recommendations towards how instructors should use GitHub in a course?}{section.5.6}% 57
\BOOKMARK [2][-]{subsection.5.6.4}{RQ4: How do students feel that GitHub as a tool compares to more traditional Learning Management Systems?}{section.5.6}% 58
\BOOKMARK [1][-]{section.5.7}{Validation Survey}{chapter.5}% 59
\BOOKMARK [1][-]{section.5.8}{Instructors' Perspectives}{chapter.5}% 60
\BOOKMARK [2][-]{subsection.5.8.1}{Course Instructor}{section.5.8}% 61
\BOOKMARK [2][-]{subsection.5.8.2}{Lab Instructors}{section.5.8}% 62
\BOOKMARK [1][-]{section.5.9}{Discussion}{chapter.5}% 63
\BOOKMARK [2][-]{subsection.5.9.1}{A Student-Oriented Learning Tool}{section.5.9}% 64
\BOOKMARK [1][-]{section.5.10}{Limitations}{chapter.5}% 65
\BOOKMARK [2][-]{subsection.5.10.1}{Internal Threats to Validity}{section.5.10}% 66
\BOOKMARK [2][-]{subsection.5.10.2}{External Threats to Validity}{section.5.10}% 67
\BOOKMARK [0][-]{chapter.6}{Discussion}{}% 68
\BOOKMARK [1][-]{section.6.1}{The Viability of GitHub for Education}{chapter.6}% 69
\BOOKMARK [1][-]{section.6.2}{Recommendations for Educators}{chapter.6}% 70
\BOOKMARK [1][-]{section.6.3}{Implications for the Future}{chapter.6}% 71
\BOOKMARK [0][-]{chapter.7}{Future Work, \046 Conclusions}{}% 72
\BOOKMARK [1][-]{section.7.1}{Future Work}{chapter.7}% 73
\BOOKMARK [1][-]{section.7.2}{Concluding Remarks}{chapter.7}% 74
\BOOKMARK [0][-]{appendix.A}{Interview Questions - Instructor Perspective}{}% 75
\BOOKMARK [1][-]{section.A.1}{Instructor Interviews}{appendix.A}% 76
\BOOKMARK [1][-]{section.A.2}{Interview with GitHub Representative}{appendix.A}% 77
\BOOKMARK [0][-]{appendix.B}{Interview Questions - Student Perspective}{}% 78
\BOOKMARK [1][-]{section.B.1}{Student Interviews}{appendix.B}% 79
\BOOKMARK [1][-]{section.B.2}{Course Instructor Interview}{appendix.B}% 80
\BOOKMARK [1][-]{section.B.3}{Lab Instructor Interviews}{appendix.B}% 81
\BOOKMARK [0][-]{appendix.C}{Questionnaire \046 Survey - Student Perspective}{}% 82
\BOOKMARK [1][-]{section.C.1}{Questionnaire}{appendix.C}% 83
\BOOKMARK [1][-]{section.C.2}{Validation Survey}{appendix.C}% 84
\BOOKMARK [0][-]{section*.35}{Bibliography}{}% 85
